<?xml version="1.0" encoding="UTF-8"?>
<!-- Generated by org.testng.reporters.JUnitReportReporter -->
<testsuite hostname="197BLRMB20262-1.local" failures="0" tests="1" name="com.weatherreporting.testcases.VerifyWeatherInformation" time="38.985" errors="0" timestamp="2020-06-22T12:45:50 IST" skipped="0">
  <testcase classname="com.weatherreporting.testcases.VerifyWeatherInformation" name="verifyTemperatureDifference" time="38.985"/>
</testsuite> <!-- com.weatherreporting.testcases.VerifyWeatherInformation -->
