<?xml version="1.0" encoding="UTF-8"?>
<!-- Generated by org.testng.reporters.JUnitReportReporter -->
<testsuite hostname="197BLRMB20262-1.local" failures="0" tests="1" name="com.testvagrant.testcases.VerifyWeatherInformation" time="33.432" errors="0" timestamp="2020-06-26T22:22:44 IST" skipped="0">
  <testcase classname="com.testvagrant.testcases.VerifyWeatherInformation" name="verifyWeatherInfoDifference" time="33.432"/>
</testsuite> <!-- com.testvagrant.testcases.VerifyWeatherInformation -->
